<?xml version="1.0" encoding="UTF-8"?>
<!-- Generated by org.testng.reporters.JUnitXMLReporter -->
<testsuite hostname="LAPTOP-UMT3NF9D" ignored="0" name="Default test" tests="3" failures="0" timestamp="2022-12-14T13:38:47 IST" time="44.849" errors="0">
  <testcase name="VerifyLogin" time="20.295" classname="com.testpage.TestPage"/>
  <testcase name="VerifyHederBar" time="24.51" classname="com.testpage.TestPage"/>
  <testcase name="verifyTestCase" time="0.002" classname="com.testpage.TestPage"/>
</testsuite> <!-- Default test -->
